<?xml version="1.0" encoding="UTF-8"?>
<!--

    Copyright 2005-2017 The Kuali Foundation

    Licensed under the Educational Community License, Version 2.0 (the "License");
    you may not use this file except in compliance with the License.
    You may obtain a copy of the License at

    http://www.opensource.org/licenses/ecl2.php

    Unless required by applicable law or agreed to in writing, software
    distributed under the License is distributed on an "AS IS" BASIS,
    WITHOUT WARRANTIES OR CONDITIONS OF ANY KIND, either express or implied.
    See the License for the specific language governing permissions and
    limitations under the License.

-->
<beans xmlns="http://www.springframework.org/schema/beans"
       xmlns:xsi="http://www.w3.org/2001/XMLSchema-instance"
       xmlns:p="http://www.springframework.org/schema/p" xmlns:util="http://www.springframework.org/schema/util"
       xsi:schemaLocation="http://www.springframework.org/schema/beans http://www.springframework.org/schema/beans/spring-beans.xsd http://www.springframework.org/schema/util http://www.springframework.org/schema/util/spring-util.xsd">


	<bean parent="DataObjectMetadata"
		p:typeClassName="org.kuali.rice.krad.data.jpa.testbo.TestDataObject"
		p:label="A Spring-Provided Label"
		p:backingObjectName="ANOTHER_TABLE_NAME_T">
		<property name="attributes">
			<list>
				<bean parent="DataObjectAttribute"
					p:name="nonPersistedProperty"
					p:label="Attribute Added via Spring" 
					p:mergeAction="MERGE" />
				<bean parent="DataObjectAttribute"
					p:name="nonStandardDataType"
					p:label="Non Standard Label-Spring" 
					p:mergeAction="MERGE" />
				<bean parent="DataObjectAttribute"
					p:name="dateProperty"
					p:mergeAction="REMOVE" />
			</list>					
		</property>
	</bean>


</beans>